This is pdfTeX, Version 3.141592653-2.6-1.40.26 (MiKTeX 24.4) (preloaded format=pdflatex 2024.7.29)  13 SEP 2024 19:55
entering extended mode
 restricted \write18 enabled.
 file:line:error style messages enabled.
 %&-line parsing enabled.
**c:/Schule/IT/AstroGenesis2.0/Documentation/Jufo_Doku/Deckblatt.tex
(c:/Schule/IT/AstroGenesis2.0/Documentation/Jufo_Doku/Deckblatt.tex
LaTeX2e <2024-06-01> patch level 2
L3 programming layer <2024-05-27>

c:/Schule/IT/AstroGenesis2.0/Documentation/Jufo_Doku/Deckblatt.tex:4: LaTeX Error: Missing \begin{document}.

See the LaTeX manual or LaTeX Companion for explanation.
Type  H <return>  for immediate help.
 ...                                              
                                                  
l.4 \begin{center}
                  
You're in trouble here.  Try typing  <return>  to proceed.
If that doesn't work, type  X <return>  to quit.


Overfull \hbox (20.0pt too wide) in paragraph at lines 4--4
[] 
 []

c:/Schule/IT/AstroGenesis2.0/Documentation/Jufo_Doku/Deckblatt.tex:5: Undefined control sequence.
l.5     {\huge
               \textbf{}} \\[10cm]
The control sequence at the end of the top line
of your error message was never \def'ed. If you have
misspelled it (e.g., `\hobx'), type `I' and the correct
spelling (e.g., `I\hbox'). Otherwise just continue,
and I'll forget about whatever was undefined.

c:/Schule/IT/AstroGenesis2.0/Documentation/Jufo_Doku/Deckblatt.tex:6: Undefined control sequence.
l.6     {\huge
               \textbf{Simulation von NGC 4647 mit}} \\[0.5cm]
The control sequence at the end of the top line
of your error message was never \def'ed. If you have
misspelled it (e.g., `\hobx'), type `I' and the correct
spelling (e.g., `I\hbox'). Otherwise just continue,
and I'll forget about whatever was undefined.


Overfull \hbox (53.82608pt too wide) in paragraph at lines 6--6
 []\OT1/cmr/bx/n/10 Simulation 
 []


Overfull \hbox (17.8888pt too wide) in paragraph at lines 6--6
 \OT1/cmr/bx/n/10 von 
 []


Overfull \hbox (26.34708pt too wide) in paragraph at lines 6--6
 \OT1/cmr/bx/n/10 NGC 
 []


Overfull \hbox (22.99988pt too wide) in paragraph at lines 6--6
 \OT1/cmr/bx/n/10 4647 
 []


Overfull \hbox (17.24991pt too wide) in paragraph at lines 6--6
 \OT1/cmr/bx/n/10 mit 
 []

c:/Schule/IT/AstroGenesis2.0/Documentation/Jufo_Doku/Deckblatt.tex:7: Undefined control sequence.
l.7     {\huge
               \textbf{AstroGenesis 2.0}} \\[0.5cm]
The control sequence at the end of the top line
of your error message was never \def'ed. If you have
misspelled it (e.g., `\hobx'), type `I' and the correct
spelling (e.g., `I\hbox'). Otherwise just continue,
and I'll forget about whatever was undefined.


Overfull \hbox (66.4274pt too wide) in paragraph at lines 7--7
 []\OT1/cmr/bx/n/10 AstroGenesis 
 []


Overfull \hbox (14.69437pt too wide) in paragraph at lines 7--7
 \OT1/cmr/bx/n/10 2.0 
 []

c:/Schule/IT/AstroGenesis2.0/Documentation/Jufo_Doku/Deckblatt.tex:8: Undefined control sequence.
l.8     {\large
                Philip Späth und Kimi Sickinger} \\[9cm]
The control sequence at the end of the top line
of your error message was never \def'ed. If you have
misspelled it (e.g., `\hobx'), type `I' and the correct
spelling (e.g., `I\hbox'). Otherwise just continue,
and I'll forget about whatever was undefined.

Missing character: There is no P in font nullfont!
Missing character: There is no h in font nullfont!
Missing character: There is no i in font nullfont!
Missing character: There is no l in font nullfont!
Missing character: There is no i in font nullfont!
Missing character: There is no p in font nullfont!
Missing character: There is no S in font nullfont!
Missing character: There is no p in font nullfont!
LaTeX Font Info:    Trying to load font information for +cmr on input line 8.
LaTeX Font Info:    No file cmr.fd. on input line 8.

LaTeX Font Warning: Font shape `/cmr/m/n' undefined
(Font)              using `/cmr/m/n' instead on input line 8.

c:/Schule/IT/AstroGenesis2.0/Documentation/Jufo_Doku/Deckblatt.tex:8: Corrupted NFSS tables.
wrong@fontshape ...message {Corrupted NFSS tables}
                                                  error@fontshape else let f...
l.8     {\large Philip Spä
                           th und Kimi Sickinger} \\[9cm]
This error message was generated by an \errmessage
command, so I can't give any explicit help.
Pretend that you're Hercule Poirot: Examine all clues,
and deduce the truth by order and method.


LaTeX Font Warning: Font shape `/cmr/m/n' undefined
(Font)              using `OT1/cmr/m/n' instead on input line 8.

Missing character: There is no t in font nullfont!
Missing character: There is no h in font nullfont!
Missing character: There is no u in font nullfont!
Missing character: There is no n in font nullfont!
Missing character: There is no d in font nullfont!
Missing character: There is no K in font nullfont!
Missing character: There is no i in font nullfont!
Missing character: There is no m in font nullfont!
Missing character: There is no i in font nullfont!
Missing character: There is no S in font nullfont!
Missing character: There is no i in font nullfont!
Missing character: There is no c in font nullfont!
Missing character: There is no k in font nullfont!
Missing character: There is no i in font nullfont!
Missing character: There is no n in font nullfont!
Missing character: There is no g in font nullfont!
Missing character: There is no e in font nullfont!
Missing character: There is no r in font nullfont!

Overfull \hbox (10.00003pt too wide) in paragraph at lines 8--8
 \/cmr/m/n/10 ^^?a 
 []

c:/Schule/IT/AstroGenesis2.0/Documentation/Jufo_Doku/Deckblatt.tex:9: Undefined control sequence.
l.9     {\large
                \textbf{Einreichung im Rahmen von Jugend forscht 2025}} \\[0...
The control sequence at the end of the top line
of your error message was never \def'ed. If you have
misspelled it (e.g., `\hobx'), type `I' and the correct
spelling (e.g., `I\hbox'). Otherwise just continue,
and I'll forget about whatever was undefined.


Overfull \hbox (59.72887pt too wide) in paragraph at lines 9--9
 []\OT1/cmr/bx/n/10 Einreichung 
 []


Overfull \hbox (12.77771pt too wide) in paragraph at lines 9--9
 \OT1/cmr/bx/n/10 im 
 []


Overfull \hbox (24.43735pt too wide) in paragraph at lines 9--9
 \OT1/cmr/bx/n/10 Rah- 
 []


Overfull \hbox (21.24295pt too wide) in paragraph at lines 9--9
 \OT1/cmr/bx/n/10 men 
 []


Overfull \hbox (17.8888pt too wide) in paragraph at lines 9--9
 \OT1/cmr/bx/n/10 von 
 []


Overfull \hbox (16.16658pt too wide) in paragraph at lines 9--9
 \OT1/cmr/bx/n/10 Ju- 
 []


Overfull \hbox (23.7985pt too wide) in paragraph at lines 9--9
 \OT1/cmr/bx/n/10 gend 
 []


Overfull \hbox (33.86926pt too wide) in paragraph at lines 9--9
 \OT1/cmr/bx/n/10 forscht 
 []


Overfull \hbox (22.99988pt too wide) in paragraph at lines 9--9
 \OT1/cmr/bx/n/10 2025 
 []

c:/Schule/IT/AstroGenesis2.0/Documentation/Jufo_Doku/Deckblatt.tex:10: Undefined control sequence.
l.10     {\large
                 Betreut von: Michael Hallmann und Kai Marqwart} \\[0.5cm]
The control sequence at the end of the top line
of your error message was never \def'ed. If you have
misspelled it (e.g., `\hobx'), type `I' and the correct
spelling (e.g., `I\hbox'). Otherwise just continue,
and I'll forget about whatever was undefined.

Missing character: There is no B in font nullfont!
Missing character: There is no e in font nullfont!
Missing character: There is no t in font nullfont!
Missing character: There is no r in font nullfont!
Missing character: There is no e in font nullfont!
Missing character: There is no u in font nullfont!
Missing character: There is no t in font nullfont!
Missing character: There is no v in font nullfont!
Missing character: There is no o in font nullfont!
Missing character: There is no n in font nullfont!
Missing character: There is no : in font nullfont!
Missing character: There is no M in font nullfont!
Missing character: There is no i in font nullfont!
Missing character: There is no c in font nullfont!
Missing character: There is no h in font nullfont!
Missing character: There is no a in font nullfont!
Missing character: There is no e in font nullfont!
Missing character: There is no l in font nullfont!
Missing character: There is no H in font nullfont!
Missing character: There is no a in font nullfont!
Missing character: There is no l in font nullfont!
Missing character: There is no l in font nullfont!
Missing character: There is no m in font nullfont!
Missing character: There is no a in font nullfont!
Missing character: There is no n in font nullfont!
Missing character: There is no n in font nullfont!
Missing character: There is no u in font nullfont!
Missing character: There is no n in font nullfont!
Missing character: There is no d in font nullfont!
Missing character: There is no K in font nullfont!
Missing character: There is no a in font nullfont!
Missing character: There is no i in font nullfont!
Missing character: There is no M in font nullfont!
Missing character: There is no a in font nullfont!
Missing character: There is no r in font nullfont!
Missing character: There is no q in font nullfont!
Missing character: There is no w in font nullfont!
Missing character: There is no a in font nullfont!
Missing character: There is no r in font nullfont!
Missing character: There is no t in font nullfont!
c:/Schule/IT/AstroGenesis2.0/Documentation/Jufo_Doku/Deckblatt.tex:11: Undefined control sequence.
l.11     {\large
                 Gewerbliche Schule Tübingen} \\[0.5cm]
The control sequence at the end of the top line
of your error message was never \def'ed. If you have
misspelled it (e.g., `\hobx'), type `I' and the correct
spelling (e.g., `I\hbox'). Otherwise just continue,
and I'll forget about whatever was undefined.

Missing character: There is no G in font nullfont!
Missing character: There is no e in font nullfont!
Missing character: There is no w in font nullfont!
Missing character: There is no e in font nullfont!
Missing character: There is no r in font nullfont!
Missing character: There is no b in font nullfont!
Missing character: There is no l in font nullfont!
Missing character: There is no i in font nullfont!
Missing character: There is no c in font nullfont!
Missing character: There is no h in font nullfont!
Missing character: There is no e in font nullfont!
Missing character: There is no S in font nullfont!
Missing character: There is no c in font nullfont!
Missing character: There is no h in font nullfont!
Missing character: There is no u in font nullfont!
Missing character: There is no l in font nullfont!
Missing character: There is no e in font nullfont!
Missing character: There is no T in font nullfont!
Missing character: There is no b in font nullfont!
Missing character: There is no i in font nullfont!
Missing character: There is no n in font nullfont!
Missing character: There is no g in font nullfont!
Missing character: There is no e in font nullfont!
Missing character: There is no n in font nullfont!

Overfull \hbox (5.55557pt too wide) in paragraph at lines 11--11
 \/cmr/m/n/10 ^^?u 
 []

)
! Emergency stop.
<*> ...is2.0/Documentation/Jufo_Doku/Deckblatt.tex
                                                  
*** (job aborted, no legal \end found)

 
Here is how much of TeX's memory you used:
 31 strings out of 473903
 683 string characters out of 5726579
 1926908 words of memory out of 5000000
 22998 multiletter control sequences out of 15000+600000
 558377 words of font info for 37 fonts, out of 8000000 for 9000
 1141 hyphenation exceptions out of 8191
 23i,1n,32p,188b,149s stack positions out of 10000i,1000n,20000p,200000b,200000s
!  ==> Fatal error occurred, no output PDF file produced!
